\BOOKMARK [1][-]{section.1}{Introduction}{}
\BOOKMARK [2][-]{subsection.1.1}{Disclaimer}{section.1}
\BOOKMARK [2][-]{subsection.1.2}{Dependencies and Limitations}{section.1}
\BOOKMARK [1][-]{section.2}{Usage}{}
\BOOKMARK [2][-]{subsection.2.1}{Options}{section.2}
\BOOKMARK [1][-]{section.3}{Features}{}
\BOOKMARK [2][-]{subsection.3.1}{Generating PDF document}{section.3}
\BOOKMARK [1][-]{section.4}{Arrangement of contents}{}
\BOOKMARK [2][-]{subsection.4.1}{Title page}{section.4}
\BOOKMARK [2][-]{subsection.4.2}{Copyright page}{section.4}
\BOOKMARK [2][-]{subsection.4.3}{Abstract page\(s\)}{section.4}
\BOOKMARK [2][-]{subsection.4.4}{Dedication}{section.4}
\BOOKMARK [2][-]{subsection.4.5}{Table of contents and Lists of Figures and Tables}{section.4}
\BOOKMARK [2][-]{subsection.4.6}{List of symbols}{section.4}
\BOOKMARK [2][-]{subsection.4.7}{Preface}{section.4}
\BOOKMARK [2][-]{subsection.4.8}{Acknowledgments}{section.4}
\BOOKMARK [2][-]{subsection.4.9}{Text}{section.4}
\BOOKMARK [2][-]{subsection.4.10}{Appendix}{section.4}
\BOOKMARK [2][-]{subsection.4.11}{Backmatter}{section.4}
\BOOKMARK [2][-]{subsection.4.12}{Bibliography}{section.4}
\BOOKMARK [1][-]{section.5}{Note for the authors}{}
\BOOKMARK [2][-]{subsection.5.1}{Chapter-wise bibliography}{section.5}
\BOOKMARK [2][-]{subsection.5.2}{Tips and suggestions}{section.5}
\BOOKMARK [2][-]{subsection.5.3}{You found errors?}{section.5}
\BOOKMARK [1][-]{section.6}{Example}{}
\BOOKMARK [1][-]{section.7}{The Implementation}{}
