This is pdfTeXk, Version 3.141592-1.40.3 (Web2C 7.5.6) (format=pdflatex 2015.9.24)  7 DEC 2016 15:53
entering extended mode
 %&-line parsing enabled.
**nddiss2e.dtx
(./nddiss2e.dtx
LaTeX2e <2005/12/01>
Babel <v3.8h> and hyphenation patterns for english, usenglishmax, dumylang, noh
yphenation, arabic, basque, bulgarian, coptic, welsh, czech, slovak, german, ng
erman, danish, esperanto, spanish, catalan, galician, estonian, farsi, finnish,
 french, greek, monogreek, ancientgreek, croatian, hungarian, interlingua, ibyc
us, indonesian, icelandic, italian, latin, mongolian, dutch, norsk, polish, por
tuguese, pinyin, romanian, russian, slovenian, uppersorbian, serbian, swedish, 
turkish, ukenglish, ukrainian, loaded.
File: nddiss2e.dtx 
(/usr/share/texmf/tex/latex/base/ltxdoc.cls
Document Class: ltxdoc 1999/08/08 v2.0u Standard LaTeX documentation class
*************************************
* Local config file ltxdoc.cfg used
*************************************
(./ltxdoc.cfg) (/usr/share/texmf/tex/latex/base/article.cls
Document Class: article 2005/09/16 v1.4f Standard LaTeX document class
(/usr/share/texmf/tex/latex/base/size10.clo
File: size10.clo 2005/09/16 v1.4f Standard LaTeX file (size option)
)
\c@part=\count79
\c@section=\count80
\c@subsection=\count81
\c@subsubsection=\count82
\c@paragraph=\count83
\c@subparagraph=\count84
\c@figure=\count85
\c@table=\count86
\abovecaptionskip=\skip41
\belowcaptionskip=\skip42
\bibindent=\dimen102
)
(/usr/share/texmf/tex/latex/base/doc.sty
Package: doc 2006/02/02 v2.1d Standard LaTeX documentation package (FMi)
\c@StandardModuleDepth=\count87
\guard@level=\count88
\MacrocodeTopsep=\skip43
\MacroIndent=\dimen103
\macro@cnt=\count89
\MacroTopsep=\skip44
\index@excludelist=\toks14

(/usr/share/texmf/tex/latex/tools/multicol.sty
Package: multicol 2006/05/18 v1.6g multicolumn formatting (FMi)
\c@tracingmulticols=\count90
\mult@box=\box26
\multicol@leftmargin=\dimen104
\c@unbalance=\count91
\c@collectmore=\count92
\doublecol@number=\count93
\multicoltolerance=\count94
\multicolpretolerance=\count95
\full@width=\dimen105
\page@free=\dimen106
\premulticols=\dimen107
\postmulticols=\dimen108
\multicolsep=\skip45
\multicolbaselineskip=\skip46
\partial@page=\box27
\last@line=\box28
\mult@rightbox=\box29
\mult@grightbox=\box30
\mult@gfirstbox=\box31
\mult@firstbox=\box32
\@tempa=\box33
\@tempa=\box34
\@tempa=\box35
\@tempa=\box36
\@tempa=\box37
\@tempa=\box38
\@tempa=\box39
\@tempa=\box40
\@tempa=\box41
\@tempa=\box42
\@tempa=\box43
\@tempa=\box44
\@tempa=\box45
\@tempa=\box46
\@tempa=\box47
\@tempa=\box48
\@tempa=\box49
\c@columnbadness=\count96
\c@finalcolumnbadness=\count97
\last@try=\dimen109
\multicolovershoot=\dimen110
\multicolundershoot=\dimen111
\mult@nat@firstbox=\box50
\colbreak@box=\box51
)
\IndexMin=\dimen112
\c@IndexColumns=\count98
\GlossaryMin=\dimen113
\c@GlossaryColumns=\count99
\check@sum=\count100
\bslash@cnt=\count101
\wrong@table=\toks15
\c@CodelineNo=\count102
))
(/usr/share/texmf/tex/latex/hyperref/hyperref.sty
Package: hyperref 2007/02/07 v6.75r Hypertext links for LaTeX

(/usr/share/texmf/tex/latex/graphics/keyval.sty
Package: keyval 1999/03/16 v1.13 key=value parser (DPC)
\KV@toks@=\toks16
)
\@linkdim=\dimen114
\Hy@linkcounter=\count103
\Hy@pagecounter=\count104

(/usr/share/texmf/tex/latex/hyperref/pd1enc.def
File: pd1enc.def 2007/02/07 v6.75r Hyperref: PDFDocEncoding definition (HO)
)
(/usr/share/texmf/tex/latex/config/hyperref.cfg
File: hyperref.cfg 2002/06/06 v1.2 hyperref configuration of TeXLive
)
(/usr/share/texmf/tex/latex/oberdiek/kvoptions.sty
Package: kvoptions 2006/08/22 v2.4 Connects package keyval with LaTeX options (
HO)
)
Package hyperref Info: Hyper figures OFF on input line 2288.
Package hyperref Info: Link nesting OFF on input line 2293.
Package hyperref Info: Hyper index ON on input line 2296.
Package hyperref Info: Plain pages OFF on input line 2303.
Package hyperref Info: Backreferencing OFF on input line 2308.

Implicit mode ON; LaTeX internals redefined
Package hyperref Info: Bookmarks ON on input line 2444.
(/usr/share/texmf/tex/latex/ltxmisc/url.sty
\Urlmuskip=\muskip10
Package: url 2005/06/27  ver 3.2  Verb mode for urls, etc.
)
LaTeX Info: Redefining \url on input line 2599.
\Fld@menulength=\count105
\Field@Width=\dimen115
\Fld@charsize=\dimen116
\Choice@toks=\toks17
\Field@toks=\toks18
Package hyperref Info: Hyper figures OFF on input line 3102.
Package hyperref Info: Link nesting OFF on input line 3107.
Package hyperref Info: Hyper index ON on input line 3110.
Package hyperref Info: backreferencing OFF on input line 3117.
Package hyperref Info: Link coloring OFF on input line 3122.
\Hy@abspage=\count106
\c@Item=\count107
\c@Hfootnote=\count108
)
*hyperref using default driver hpdftex*
(/usr/share/texmf/tex/latex/hyperref/hpdftex.def
File: hpdftex.def 2007/02/07 v6.75r Hyperref driver for pdfTeX
\Fld@listcount=\count109
)
\@glossaryfile=\write3
\openout3 = `nddiss2e.glo'.


Writing glossary file nddiss2e.glo 
(./nddiss2e.aux)
\openout1 = `nddiss2e.aux'.

LaTeX Font Info:    Checking defaults for OML/cmm/m/it on input line 67.
LaTeX Font Info:    ... okay on input line 67.
LaTeX Font Info:    Checking defaults for T1/cmr/m/n on input line 67.
LaTeX Font Info:    ... okay on input line 67.
LaTeX Font Info:    Checking defaults for OT1/cmr/m/n on input line 67.
LaTeX Font Info:    ... okay on input line 67.
LaTeX Font Info:    Checking defaults for OMS/cmsy/m/n on input line 67.
LaTeX Font Info:    ... okay on input line 67.
LaTeX Font Info:    Checking defaults for OMX/cmex/m/n on input line 67.
LaTeX Font Info:    ... okay on input line 67.
LaTeX Font Info:    Checking defaults for U/cmr/m/n on input line 67.
LaTeX Font Info:    ... okay on input line 67.
LaTeX Font Info:    Checking defaults for PD1/pdf/m/n on input line 67.
LaTeX Font Info:    ... okay on input line 67.
Package doc Info: Made | a short reference for \verb on input line 67.
Package hyperref Info: Link coloring OFF on input line 67.
 (/usr/share/texmf/tex/latex/hyperref/nameref.sty
Package: nameref 2006/12/27 v2.28 Cross-referencing by name of section

(/usr/share/texmf/tex/latex/oberdiek/refcount.sty
Package: refcount 2006/02/20 v3.0 Data extraction from references (HO)
)
\c@section@level=\count110
)
LaTeX Info: Redefining \ref on input line 67.
LaTeX Info: Redefining \pageref on input line 67.
 (./nddiss2e.out)
(./nddiss2e.out)
\@outlinefile=\write4
\openout4 = `nddiss2e.out'.

 (./nddiss2e.dtx
***************************
* Character table correct *
***************************

LaTeX Font Warning: Font shape `OT1/cmss/m/sc' in size <17.28> not available
(Font)              Font shape `OT1/cmr/m/sc' tried instead on input line 83.

LaTeX Font Info:    External font `cmex10' loaded for size
(Font)              <17.28> on input line 83.
LaTeX Font Info:    External font `cmex10' loaded for size
(Font)              <12> on input line 83.
LaTeX Font Info:    External font `cmex10' loaded for size
(Font)              <8> on input line 83.
LaTeX Font Info:    External font `cmex10' loaded for size
(Font)              <6> on input line 83.
LaTeX Font Info:    External font `cmex10' loaded for size
(Font)              <5> on input line 83.

LaTeX Font Warning: Font shape `OT1/cmss/m/sc' in size <9> not available
(Font)              Font shape `OT1/cmr/m/sc' tried instead on input line 85.

LaTeX Font Info:    External font `cmex10' loaded for size
(Font)              <9> on input line 85.
(./nddiss2e.toc
LaTeX Font Info:    External font `cmex10' loaded for size
(Font)              <7> on input line 2.
 [1

{/usr/share/texmf/fonts/map/pdftex/updmap/pdftex.map}])
\tf@toc=\write5
\openout5 = `nddiss2e.toc'.



LaTeX Font Warning: Font shape `OT1/cmss/m/sc' in size <10> not available
(Font)              Font shape `OT1/cmr/m/sc' tried instead on input line 99.

[2] [3]
Underfull \hbox (badness 4832) in paragraph at lines 249--249
[][][][]\OT1/cmtt/m/n/8 nddiss2e.bst \OT1/cmr/m/n/8 is a slight mod-i-fi-ci-a-t
ion of []\OT1/cmtt/m/n/8 abbrvnat.bst \OT1/cmr/m/n/8 in the \OT1/cmss/m/n/8 nat
-bib \OT1/cmr/m/n/8 pack-age;
 []


LaTeX Warning: Marginpar on page 4 moved.

[4]

LaTeX Warning: Marginpar on page 5 moved.


LaTeX Warning: Marginpar on page 5 moved.


LaTeX Warning: Marginpar on page 5 moved.


LaTeX Warning: Marginpar on page 5 moved.


Overfull \hbox (0.58119pt too wide) in paragraph at lines 309--314
[]\OT1/cmtt/m/n/10 \documentclass[final,twoadvisors,noinfo]{nddiss2e} \OT1/cmr/
m/n/10 would pro-duce a doc-
 []

[5] [6]
LaTeX Font Info:    Try loading font information for OMS+cmr on input line 440.

 (/usr/share/texmf/tex/latex/base/omscmr.fd
File: omscmr.fd 1999/05/25 v2.5h Standard LaTeX font definitions
)
LaTeX Font Info:    Font shape `OMS/cmr/m/n' in size <10> not available
(Font)              Font shape `OMS/cmsy/m/n' tried instead on input line 440.
LaTeX Font Info:    Font shape `OMS/cmtt/m/n' in size <9> not available
(Font)              Font shape `OMS/cmsy/m/n' tried instead on input line 440.
 [7]

LaTeX Font Warning: Font shape `OT1/cmss/m/sc' in size <8> not available
(Font)              Font shape `OT1/cmr/m/sc' tried instead on input line 461.


LaTeX Warning: Marginpar on page 8 moved.


LaTeX Warning: Marginpar on page 8 moved.

[8]

LaTeX Warning: Marginpar on page 9 moved.


LaTeX Warning: Marginpar on page 9 moved.


LaTeX Warning: Marginpar on page 9 moved.


LaTeX Warning: Marginpar on page 9 moved.


LaTeX Warning: Marginpar on page 9 moved.


LaTeX Warning: Marginpar on page 9 moved.

[9] [10] [11] [12]
Overfull \hbox (49.22224pt too wide) in paragraph at lines 741--764
[]$ $[]$ 
 []


Underfull \hbox (badness 10000) in paragraph at lines 789--793

 []

[13]
Underfull \hbox (badness 10000) in paragraph at lines 825--825
[][][]\OT1/cmr/m/n/8 Most likely present in the same di-rec-tory as []\OT1/cmtt
/m/n/8 nddiss2e.cls \OT1/cmr/m/n/8 e.g. in
 []

[14] [15]
Overfull \hbox (90.36166pt too wide) in paragraph at lines 921--921
 [][]     \OT1/cmtt/m/n/9 Notre Dame Dissertation document class by Sameer Vija
y and updated by Megan Patnott^^J] 
 []

[16

] [17] [18] [19] [20] [21]
Overfull \hbox (28.93738pt too wide) in paragraph at lines 1372--1372
 [][]  \OT1/cmtt/m/n/9 specifying the ``{\upshape\ttfamily noinfo}'' option to 
the class invocation. 
 []


Overfull \hbox (0.5877pt too wide) in paragraph at lines 1372--1372
 [][]\OT1/cmtt/m/n/9 (i.e.,{\ttfamily{\textbackslash}documentclass[\ldots,noinf
o]\{nddiss2e\}} 
 []


Overfull \hbox (5.31265pt too wide) in paragraph at lines 1372--1372
 [][]    \OT1/cmtt/m/n/9 \upshape part of the dissertation/thesis. It should be
 disabled before 
 []


Overfull \hbox (5.31265pt too wide) in paragraph at lines 1372--1372
 [][]    \OT1/cmtt/m/n/9 making final, formal submission, but should be include
d in the version 
 []

[22]
Overfull \hbox (38.38727pt too wide) in paragraph at lines 1416--1416
 [][]  \OT1/cmtt/m/n/9 {Spepcify \protect\advisor\space It is who signs your wa
lking papers!}}{\relax} 
 []


Overfull \hbox (19.48749pt too wide) in paragraph at lines 1416--1416
 [][]  \OT1/cmtt/m/n/9 {Specify which \protect\department\space is awarding you
r degree?}}{\relax} 
 []

[23] [24] [25] [26] [27] [28] [29] [30] [31] [32] [33]
Overfull \hbox (5.61154pt too wide) in paragraph at lines 2061--2067
[]\OT1/cmr/m/n/9 For the []\OT1/cmtt/m/n/9 figure \OT1/cmr/m/n/9 en-vi-ron-ment
, first some skip lengths are set, then use []\OT1/cmtt/m/n/9 \@makefigurecapti
on
 []

[34] [35] [36]
Overfull \hbox (10.0376pt too wide) in paragraph at lines 2225--2225
 [][]    \OT1/cmtt/m/n/9 \ifdiss@review Review \else Draft \fi document [\today
\/ at \timenow\/] 
 []

[37] (./nddiss2e.gls)
*******************
* Checksum passed *
*******************
) [38] (./nddiss2e.aux) ) 
Here is how much of TeX's memory you used:
 2681 strings out of 256214
 36879 string characters out of 1917000
 95827 words of memory out of 1500000
 5871 multiletter control sequences out of 10000+200000
 14904 words of font info for 52 fonts, out of 1200000 for 2000
 645 hyphenation exceptions out of 8191
 31i,9n,37p,375b,616s stack positions out of 5000i,500n,6000p,200000b,15000s
</usr/share/texmf/fonts/type1/bluesky/cm/cmbx10.pfb></
usr/share/texmf/fonts/type1/bluesky/cm/cmbx12.pfb></usr/share/texmf/fonts/type1
/bluesky/cm/cmbx9.pfb></usr/share/texmf/fonts/type1/bluesky/cm/cmcsc10.pfb></us
r/share/texmf/fonts/type1/bluesky/cm/cmmi10.pfb></usr/share/texmf/fonts/type1/b
luesky/cm/cmmi12.pfb></usr/share/texmf/fonts/type1/bluesky/cm/cmmi8.pfb></usr/s
hare/texmf/fonts/type1/bluesky/cm/cmmi9.pfb></usr/share/texmf/fonts/type1/blues
ky/cm/cmr10.pfb></usr/share/texmf/fonts/type1/bluesky/cm/cmr12.pfb></usr/share/
texmf/fonts/type1/bluesky/cm/cmr17.pfb></usr/share/texmf/fonts/type1/bluesky/cm
/cmr6.pfb></usr/share/texmf/fonts/type1/bluesky/cm/cmr7.pfb></usr/share/texmf/f
onts/type1/bluesky/cm/cmr8.pfb></usr/share/texmf/fonts/type1/bluesky/cm/cmr9.pf
b></usr/share/texmf/fonts/type1/bluesky/cm/cmss10.pfb></usr/share/texmf/fonts/t
ype1/bluesky/cm/cmss17.pfb></usr/share/texmf/fonts/type1/bluesky/cm/cmss8.pfb><
/usr/share/texmf/fonts/type1/bluesky/cm/cmss9.pfb></usr/share/texmf/fonts/type1
/bluesky/cm/cmsy10.pfb></usr/share/texmf/fonts/type1/bluesky/cm/cmsy6.pfb></usr
/share/texmf/fonts/type1/bluesky/cm/cmsy8.pfb></usr/share/texmf/fonts/type1/blu
esky/cm/cmsy9.pfb></usr/share/texmf/fonts/type1/bluesky/cm/cmti10.pfb></usr/sha
re/texmf/fonts/type1/bluesky/cm/cmti8.pfb></usr/share/texmf/fonts/type1/bluesky
/cm/cmti9.pfb></usr/share/texmf/fonts/type1/bluesky/cm/cmtt10.pfb></usr/share/t
exmf/fonts/type1/bluesky/cm/cmtt8.pfb></usr/share/texmf/fonts/type1/bluesky/cm/
cmtt9.pfb>
Output written on nddiss2e.pdf (38 pages, 297969 bytes).
PDF statistics:
 487 PDF objects out of 1000 (max. 8388607)
 92 named destinations out of 1000 (max. 131072)
 225 words of extra memory for PDF output out of 10000 (max. 10000000)

